which: no hbase in (/opt/hadoop/2.6.0/sbin:/opt/hadoop/contrib/myHadoop/bin:/opt/hadoop/2.6.0/bin:/opt/mvapich2/intel/ib/bin:/opt/intel/2018.1.163/compilers_and_libraries_2018.1.163/linux/bin/intel64:/usr/lib64/qt-3.3/bin:/usr/local/bin:/bin:/usr/bin:/usr/bin:/usr/local/sbin:/usr/sbin:/opt/sdsc/bin:/opt/sdsc/sbin:/opt/ibutils/bin:/opt/pdsh/bin:/opt/rocks/bin:/opt/rocks/sbin:/home/rxs4020/bin)
SLF4J: Class path contains multiple SLF4J bindings.
SLF4J: Found binding in [jar:file:/oasis/projects/nsf/uot143/fegaras/apache-hive-2.1.0-bin/lib/log4j-slf4j-impl-2.4.1.jar!/org/slf4j/impl/StaticLoggerBinder.class]
SLF4J: Found binding in [jar:file:/opt/hadoop/2.6.0/share/hadoop/common/lib/slf4j-log4j12-1.7.5.jar!/org/slf4j/impl/StaticLoggerBinder.class]
SLF4J: See http://www.slf4j.org/codes.html#multiple_bindings for an explanation.
SLF4J: Actual binding is of type [org.apache.logging.slf4j.Log4jLoggerFactory]

Logging initialized using configuration in jar:file:/oasis/projects/nsf/uot143/fegaras/apache-hive-2.1.0-bin/lib/hive-common-2.1.0.jar!/hive-log4j2.properties Async: true
OK
Time taken: 5.812 seconds
OK
Time taken: 0.289 seconds
OK
Time taken: 0.875 seconds
OK
Time taken: 0.153 seconds
Loading data to table default.graph1
OK
Time taken: 0.52 seconds
WARNING: Hive-on-MR is deprecated in Hive 2 and may not be available in the future versions. Consider using a different execution engine (i.e. spark, tez) or using Hive 1.X releases.
Query ID = rxs4020_20201124122438_addce1e2-c1e4-4f21-96af-b11711093a23
Total jobs = 1
Launching Job 1 out of 1
Number of reduce tasks not specified. Estimated from input data size: 1
In order to change the average load for a reducer (in bytes):
  set hive.exec.reducers.bytes.per.reducer=<number>
In order to limit the maximum number of reducers:
  set hive.exec.reducers.max=<number>
In order to set a constant number of reducers:
  set mapreduce.job.reduces=<number>
Job running in-process (local Hadoop)
2020-11-24 12:24:50,543 Stage-1 map = 0%,  reduce = 0%
2020-11-24 12:24:51,555 Stage-1 map = 100%,  reduce = 100%
Ended Job = job_local1153504090_0001
Loading data to table default.graph2
MapReduce Jobs Launched: 
Stage-Stage-1:  HDFS Read: 0 HDFS Write: 0 SUCCESS
Total MapReduce CPU Time Spent: 0 msec
OK
Time taken: 6.106 seconds
WARNING: Hive-on-MR is deprecated in Hive 2 and may not be available in the future versions. Consider using a different execution engine (i.e. spark, tez) or using Hive 1.X releases.
Query ID = rxs4020_20201124122438_addce1e2-c1e4-4f21-96af-b11711093a23
Total jobs = 2
Launching Job 1 out of 2
Number of reduce tasks not specified. Estimated from input data size: 1
In order to change the average load for a reducer (in bytes):
  set hive.exec.reducers.bytes.per.reducer=<number>
In order to limit the maximum number of reducers:
  set hive.exec.reducers.max=<number>
In order to set a constant number of reducers:
  set mapreduce.job.reduces=<number>
Job running in-process (local Hadoop)
2020-11-24 12:24:54,055 Stage-1 map = 100%,  reduce = 100%
Ended Job = job_local1690839220_0002
Launching Job 2 out of 2
Number of reduce tasks determined at compile time: 1
In order to change the average load for a reducer (in bytes):
  set hive.exec.reducers.bytes.per.reducer=<number>
In order to limit the maximum number of reducers:
  set hive.exec.reducers.max=<number>
In order to set a constant number of reducers:
  set mapreduce.job.reduces=<number>
Job running in-process (local Hadoop)
2020-11-24 12:24:55,818 Stage-2 map = 100%,  reduce = 100%
Ended Job = job_local558425533_0003
MapReduce Jobs Launched: 
Stage-Stage-1:  HDFS Read: 0 HDFS Write: 0 SUCCESS
Stage-Stage-2:  HDFS Read: 0 HDFS Write: 0 SUCCESS
Total MapReduce CPU Time Spent: 0 msec
OK
7	1
5	2
4	1
3	2
2	2
Time taken: 3.927 seconds, Fetched: 5 row(s)
