which: no hadoop in (/opt/mvapich2/intel/ib/bin:/opt/intel/2018.1.163/compilers_and_libraries_2018.1.163/linux/bin/intel64:/usr/lib64/qt-3.3/bin:/usr/local/bin:/bin:/usr/bin:/usr/bin:/usr/local/sbin:/usr/sbin:/opt/sdsc/bin:/opt/sdsc/sbin:/opt/ibutils/bin:/opt/pdsh/bin:/opt/rocks/bin:/opt/rocks/sbin:/home/rxs4020/bin)
20/11/15 15:23:07 INFO pig.ExecTypeProvider: Trying ExecType : LOCAL
20/11/15 15:23:07 INFO pig.ExecTypeProvider: Picked LOCAL as the ExecType
2020-11-15 15:23:07,632 [main] INFO  org.apache.pig.Main - Apache Pig version 0.16.0 (r1746530) compiled Jun 01 2016, 23:09:59
2020-11-15 15:23:07,633 [main] INFO  org.apache.pig.Main - Logging error messages to: /home/rxs4020/project6/pig_1605482587629.log
2020-11-15 15:23:07,816 [main] INFO  org.apache.pig.impl.util.Utils - Default bootup file /home/rxs4020/.pigbootup not found
2020-11-15 15:23:07,965 [main] INFO  org.apache.pig.backend.hadoop.executionengine.HExecutionEngine - Connecting to hadoop file system at: file:///
2020-11-15 15:23:07,994 [main] INFO  org.apache.pig.PigServer - Pig Script ID for the session: 
2020-11-15 15:23:07,994 [main] WARN  org.apache.pig.PigServer - ATS is disabled since yarn.timeline-service.enabled set to false
2020-11-15 15:23:08,643 [main] INFO  org.apache.pig.tools.pigstats.ScriptState - Pig features used in the script: GROUP_BY
2020-11-15 15:23:08,801 [main] INFO  org.apache.pig.newplan.logical.optimizer.LogicalPlanOptimizer - {RULES_ENABLED=[AddForEach, ColumnMapKeyPrune, ConstantCalculator, GroupByConstParallelSetter, LimitOptimizer, LoadTypeCastInserter, MergeFilter, MergeForEach, PartitionFilterOptimizer, PredicatePushdownOptimizer, PushDownForEachFlatten, PushUpFilter, SplitFilter, StreamTypeCastInserter]}
2020-11-15 15:23:08,845 [main] INFO  org.apache.pig.impl.util.SpillableMemoryManager - Selected heap (Tenured Gen) of size 699072512 to monitor. collectionUsageThreshold = 489350752, usageThreshold = 489350752
2020-11-15 15:23:08,894 [main] INFO  org.apache.pig.backend.hadoop.executionengine.mapReduceLayer.MRCompiler - File concatenation threshold: 100 optimistic? false
2020-11-15 15:23:08,906 [main] WARN  org.apache.hadoop.util.NativeCodeLoader - Unable to load native-hadoop library for your platform... using builtin-java classes where applicable
2020-11-15 15:23:08,914 [main] INFO  org.apache.pig.backend.hadoop.executionengine.util.CombinerOptimizerUtil - Choosing to move algebraic foreach to combiner
2020-11-15 15:23:08,920 [main] INFO  org.apache.pig.backend.hadoop.executionengine.util.CombinerOptimizerUtil - Choosing to move algebraic foreach to combiner
2020-11-15 15:23:08,934 [main] INFO  org.apache.pig.backend.hadoop.executionengine.mapReduceLayer.MultiQueryOptimizer - MR plan size before optimization: 2
2020-11-15 15:23:08,934 [main] INFO  org.apache.pig.backend.hadoop.executionengine.mapReduceLayer.MultiQueryOptimizer - MR plan size after optimization: 2
2020-11-15 15:23:08,992 [main] INFO  org.apache.pig.tools.pigstats.mapreduce.MRScriptState - Pig script settings are added to the job
2020-11-15 15:23:09,006 [main] INFO  org.apache.pig.backend.hadoop.executionengine.mapReduceLayer.JobControlCompiler - mapred.job.reduce.markreset.buffer.percent is not set, set to default 0.3
2020-11-15 15:23:09,008 [main] INFO  org.apache.pig.backend.hadoop.executionengine.mapReduceLayer.JobControlCompiler - Reduce phase detected, estimating # of required reducers.
2020-11-15 15:23:09,018 [main] INFO  org.apache.pig.backend.hadoop.executionengine.mapReduceLayer.JobControlCompiler - Using reducer estimator: org.apache.pig.backend.hadoop.executionengine.mapReduceLayer.InputSizeReducerEstimator
2020-11-15 15:23:09,027 [main] INFO  org.apache.pig.backend.hadoop.executionengine.mapReduceLayer.InputSizeReducerEstimator - BytesPerReducer=1000000000 maxReducers=999 totalInputFileSize=165
2020-11-15 15:23:09,027 [main] INFO  org.apache.pig.backend.hadoop.executionengine.mapReduceLayer.JobControlCompiler - Setting Parallelism to 1
2020-11-15 15:23:09,036 [main] INFO  org.apache.pig.backend.hadoop.executionengine.mapReduceLayer.JobControlCompiler - Setting up single store job
2020-11-15 15:23:09,040 [main] INFO  org.apache.pig.data.SchemaTupleFrontend - Key [pig.schematuple] is false, will not generate code.
2020-11-15 15:23:09,040 [main] INFO  org.apache.pig.data.SchemaTupleFrontend - Starting process to move generated code to distributed cacche
2020-11-15 15:23:09,040 [main] INFO  org.apache.pig.data.SchemaTupleFrontend - Distributed cache not supported or needed in local mode. Setting key [pig.schematuple.local.dir] with code temp directory: /tmp/1605482589039-0
2020-11-15 15:23:09,162 [main] INFO  org.apache.pig.backend.hadoop.executionengine.mapReduceLayer.MapReduceLauncher - 1 map-reduce job(s) waiting for submission.
2020-11-15 15:23:09,187 [JobControl] WARN  org.apache.hadoop.mapred.JobClient - No job jar file set.  User classes may not be found. See JobConf(Class) or JobConf#setJar(String).
2020-11-15 15:23:09,200 [JobControl] INFO  org.apache.pig.builtin.PigStorage - Using PigTextInputFormat
2020-11-15 15:23:09,202 [JobControl] INFO  org.apache.hadoop.mapreduce.lib.input.FileInputFormat - Total input paths to process : 1
2020-11-15 15:23:09,202 [JobControl] INFO  org.apache.pig.backend.hadoop.executionengine.util.MapRedUtil - Total input paths to process : 1
2020-11-15 15:23:09,234 [JobControl] WARN  org.apache.hadoop.io.compress.snappy.LoadSnappy - Snappy native library is available
2020-11-15 15:23:09,234 [JobControl] WARN  org.apache.hadoop.io.compress.snappy.LoadSnappy - Snappy native library not loaded
2020-11-15 15:23:09,236 [JobControl] INFO  org.apache.pig.backend.hadoop.executionengine.util.MapRedUtil - Total input paths (combined) to process : 1
2020-11-15 15:23:09,564 [Thread-3] INFO  org.apache.hadoop.util.ProcessTree - setsid exited with exit code 0
2020-11-15 15:23:09,589 [Thread-3] INFO  org.apache.hadoop.mapred.Task -  Using ResourceCalculatorPlugin : org.apache.hadoop.util.LinuxResourceCalculatorPlugin@e1225dc
2020-11-15 15:23:09,598 [Thread-3] INFO  org.apache.pig.builtin.PigStorage - Using PigTextInputFormat
2020-11-15 15:23:09,600 [Thread-3] INFO  org.apache.pig.backend.hadoop.executionengine.mapReduceLayer.PigRecordReader - Current split being processed file:/home/rxs4020/project6/small-graph.txt:0+165
2020-11-15 15:23:09,605 [Thread-3] INFO  org.apache.hadoop.mapred.MapTask - io.sort.mb = 100
2020-11-15 15:23:09,663 [main] INFO  org.apache.pig.backend.hadoop.executionengine.mapReduceLayer.MapReduceLauncher - HadoopJobId: job_local_0001
2020-11-15 15:23:09,663 [main] INFO  org.apache.pig.backend.hadoop.executionengine.mapReduceLayer.MapReduceLauncher - Processing aliases graph,graph_group,neighbours_count
2020-11-15 15:23:09,663 [main] INFO  org.apache.pig.backend.hadoop.executionengine.mapReduceLayer.MapReduceLauncher - detailed locations: M: graph[1,8],graph[-1,-1],neighbours_count[3,19],graph_group[2,14] C: neighbours_count[3,19],graph_group[2,14] R: neighbours_count[3,19]
2020-11-15 15:23:09,665 [main] INFO  org.apache.pig.backend.hadoop.executionengine.mapReduceLayer.MapReduceLauncher - 0% complete
2020-11-15 15:23:09,665 [main] INFO  org.apache.pig.backend.hadoop.executionengine.mapReduceLayer.MapReduceLauncher - Running jobs are [job_local_0001]
2020-11-15 15:23:09,685 [Thread-3] INFO  org.apache.hadoop.mapred.MapTask - data buffer = 79691776/99614720
2020-11-15 15:23:09,686 [Thread-3] INFO  org.apache.hadoop.mapred.MapTask - record buffer = 262144/327680
2020-11-15 15:23:09,691 [Thread-3] INFO  org.apache.pig.impl.util.SpillableMemoryManager - Selected heap (Tenured Gen) of size 699072512 to monitor. collectionUsageThreshold = 489350752, usageThreshold = 489350752
2020-11-15 15:23:09,692 [Thread-3] INFO  org.apache.pig.data.SchemaTupleBackend - Key [pig.schematuple] was not set... will not generate code.
2020-11-15 15:23:09,700 [Thread-3] INFO  org.apache.pig.backend.hadoop.executionengine.mapReduceLayer.PigGenericMapReduce$Map - Aliases being processed per job phase (AliasName[line,offset]): M: graph[1,8],graph[-1,-1],neighbours_count[3,19],graph_group[2,14] C: neighbours_count[3,19],graph_group[2,14] R: neighbours_count[3,19]
2020-11-15 15:23:09,725 [Thread-3] INFO  org.apache.hadoop.mapred.MapTask - Starting flush of map output
2020-11-15 15:23:09,783 [Thread-3] INFO  org.apache.pig.backend.hadoop.executionengine.mapReduceLayer.PigCombiner$Combine - Aliases being processed per job phase (AliasName[line,offset]): M: graph[1,8],graph[-1,-1],neighbours_count[3,19],graph_group[2,14] C: neighbours_count[3,19],graph_group[2,14] R: neighbours_count[3,19]
2020-11-15 15:23:09,788 [Thread-3] INFO  org.apache.hadoop.mapred.MapTask - Finished spill 0
2020-11-15 15:23:09,793 [Thread-3] INFO  org.apache.hadoop.mapred.Task - Task:attempt_local_0001_m_000000_0 is done. And is in the process of commiting
2020-11-15 15:23:12,543 [Thread-3] INFO  org.apache.hadoop.mapred.LocalJobRunner - 
2020-11-15 15:23:12,544 [Thread-3] INFO  org.apache.hadoop.mapred.Task - Task 'attempt_local_0001_m_000000_0' done.
2020-11-15 15:23:12,556 [Thread-3] INFO  org.apache.hadoop.mapred.Task -  Using ResourceCalculatorPlugin : org.apache.hadoop.util.LinuxResourceCalculatorPlugin@44d041b8
2020-11-15 15:23:12,557 [Thread-3] INFO  org.apache.hadoop.mapred.LocalJobRunner - 
2020-11-15 15:23:12,560 [Thread-3] INFO  org.apache.hadoop.mapred.Merger - Merging 1 sorted segments
2020-11-15 15:23:12,567 [Thread-3] INFO  org.apache.hadoop.mapred.Merger - Down to the last merge-pass, with 1 segments left of total size: 146 bytes
2020-11-15 15:23:12,568 [Thread-3] INFO  org.apache.hadoop.mapred.LocalJobRunner - 
2020-11-15 15:23:12,585 [Thread-3] INFO  org.apache.pig.impl.util.SpillableMemoryManager - Selected heap (Tenured Gen) of size 699072512 to monitor. collectionUsageThreshold = 489350752, usageThreshold = 489350752
2020-11-15 15:23:12,585 [Thread-3] WARN  org.apache.pig.data.SchemaTupleBackend - SchemaTupleBackend has already been initialized
2020-11-15 15:23:12,589 [Thread-3] INFO  org.apache.pig.backend.hadoop.executionengine.mapReduceLayer.PigMapReduce$Reduce - Aliases being processed per job phase (AliasName[line,offset]): M: graph[1,8],graph[-1,-1],neighbours_count[3,19],graph_group[2,14] C: neighbours_count[3,19],graph_group[2,14] R: neighbours_count[3,19]
2020-11-15 15:23:12,590 [Thread-3] INFO  org.apache.hadoop.mapred.Task - Task:attempt_local_0001_r_000000_0 is done. And is in the process of commiting
2020-11-15 15:23:12,591 [Thread-3] INFO  org.apache.hadoop.mapred.LocalJobRunner - 
2020-11-15 15:23:12,591 [Thread-3] INFO  org.apache.hadoop.mapred.Task - Task attempt_local_0001_r_000000_0 is allowed to commit now
2020-11-15 15:23:12,592 [Thread-3] INFO  org.apache.hadoop.mapreduce.lib.output.FileOutputCommitter - Saved output of task 'attempt_local_0001_r_000000_0' to file:/tmp/temp-700807623/tmp774988299
2020-11-15 15:23:12,666 [main] INFO  org.apache.pig.backend.hadoop.executionengine.mapReduceLayer.MapReduceLauncher - 25% complete
2020-11-15 15:23:12,667 [main] INFO  org.apache.pig.backend.hadoop.executionengine.mapReduceLayer.MapReduceLauncher - Running jobs are [job_local_0001]
2020-11-15 15:23:15,565 [Thread-3] INFO  org.apache.hadoop.mapred.LocalJobRunner - reduce > reduce
2020-11-15 15:23:15,565 [Thread-3] INFO  org.apache.hadoop.mapred.Task - Task 'attempt_local_0001_r_000000_0' done.
2020-11-15 15:23:15,668 [main] INFO  org.apache.pig.backend.hadoop.executionengine.mapReduceLayer.MapReduceLauncher - 50% complete
2020-11-15 15:23:15,676 [main] INFO  org.apache.pig.tools.pigstats.mapreduce.MRScriptState - Pig script settings are added to the job
2020-11-15 15:23:15,677 [main] INFO  org.apache.pig.backend.hadoop.executionengine.mapReduceLayer.JobControlCompiler - mapred.job.reduce.markreset.buffer.percent is not set, set to default 0.3
2020-11-15 15:23:15,678 [main] INFO  org.apache.pig.backend.hadoop.executionengine.mapReduceLayer.JobControlCompiler - Reduce phase detected, estimating # of required reducers.
2020-11-15 15:23:15,678 [main] INFO  org.apache.pig.backend.hadoop.executionengine.mapReduceLayer.JobControlCompiler - Using reducer estimator: org.apache.pig.backend.hadoop.executionengine.mapReduceLayer.InputSizeReducerEstimator
2020-11-15 15:23:15,679 [main] INFO  org.apache.pig.backend.hadoop.executionengine.mapReduceLayer.InputSizeReducerEstimator - BytesPerReducer=1000000000 maxReducers=999 totalInputFileSize=64
2020-11-15 15:23:15,679 [main] INFO  org.apache.pig.backend.hadoop.executionengine.mapReduceLayer.JobControlCompiler - Setting Parallelism to 1
2020-11-15 15:23:15,680 [main] INFO  org.apache.pig.backend.hadoop.executionengine.mapReduceLayer.JobControlCompiler - Setting up single store job
2020-11-15 15:23:15,710 [main] INFO  org.apache.pig.backend.hadoop.executionengine.mapReduceLayer.MapReduceLauncher - 1 map-reduce job(s) waiting for submission.
2020-11-15 15:23:15,723 [JobControl] WARN  org.apache.hadoop.mapred.JobClient - No job jar file set.  User classes may not be found. See JobConf(Class) or JobConf#setJar(String).
2020-11-15 15:23:15,727 [JobControl] INFO  org.apache.hadoop.mapreduce.lib.input.FileInputFormat - Total input paths to process : 1
2020-11-15 15:23:15,727 [JobControl] INFO  org.apache.pig.backend.hadoop.executionengine.util.MapRedUtil - Total input paths to process : 1
2020-11-15 15:23:15,727 [JobControl] INFO  org.apache.pig.backend.hadoop.executionengine.util.MapRedUtil - Total input paths (combined) to process : 1
2020-11-15 15:23:15,798 [Thread-9] INFO  org.apache.hadoop.mapred.Task -  Using ResourceCalculatorPlugin : org.apache.hadoop.util.LinuxResourceCalculatorPlugin@5642df4e
2020-11-15 15:23:15,811 [Thread-9] INFO  org.apache.pig.backend.hadoop.executionengine.mapReduceLayer.PigRecordReader - Current split being processed file:/tmp/temp-700807623/tmp774988299/part-r-00000:0+64
2020-11-15 15:23:15,811 [Thread-9] INFO  org.apache.hadoop.mapred.MapTask - io.sort.mb = 100
2020-11-15 15:23:15,868 [Thread-9] INFO  org.apache.hadoop.mapred.MapTask - data buffer = 79691776/99614720
2020-11-15 15:23:15,868 [Thread-9] INFO  org.apache.hadoop.mapred.MapTask - record buffer = 262144/327680
2020-11-15 15:23:15,881 [Thread-9] INFO  org.apache.pig.impl.util.SpillableMemoryManager - Selected heap (Tenured Gen) of size 699072512 to monitor. collectionUsageThreshold = 489350752, usageThreshold = 489350752
2020-11-15 15:23:15,881 [Thread-9] WARN  org.apache.pig.data.SchemaTupleBackend - SchemaTupleBackend has already been initialized
2020-11-15 15:23:15,888 [Thread-9] INFO  org.apache.pig.backend.hadoop.executionengine.mapReduceLayer.PigGenericMapReduce$Map - Aliases being processed per job phase (AliasName[line,offset]): M: o[5,4],c[4,4] C: o[5,4],c[4,4] R: o[5,4]
2020-11-15 15:23:15,888 [Thread-9] INFO  org.apache.hadoop.mapred.MapTask - Starting flush of map output
2020-11-15 15:23:15,915 [Thread-9] INFO  org.apache.hadoop.mapred.MapTask - Finished spill 0
2020-11-15 15:23:15,916 [Thread-9] INFO  org.apache.hadoop.mapred.Task - Task:attempt_local_0002_m_000000_0 is done. And is in the process of commiting
2020-11-15 15:23:16,221 [main] INFO  org.apache.pig.backend.hadoop.executionengine.mapReduceLayer.MapReduceLauncher - HadoopJobId: job_local_0002
2020-11-15 15:23:16,221 [main] INFO  org.apache.pig.backend.hadoop.executionengine.mapReduceLayer.MapReduceLauncher - Processing aliases c,o
2020-11-15 15:23:16,221 [main] INFO  org.apache.pig.backend.hadoop.executionengine.mapReduceLayer.MapReduceLauncher - detailed locations: M: o[5,4],c[4,4] C: o[5,4],c[4,4] R: o[5,4]
2020-11-15 15:23:18,843 [Thread-9] INFO  org.apache.hadoop.mapred.LocalJobRunner - 
2020-11-15 15:23:18,843 [Thread-9] INFO  org.apache.hadoop.mapred.Task - Task 'attempt_local_0002_m_000000_0' done.
2020-11-15 15:23:18,853 [Thread-9] INFO  org.apache.hadoop.mapred.Task -  Using ResourceCalculatorPlugin : org.apache.hadoop.util.LinuxResourceCalculatorPlugin@7c494bd2
2020-11-15 15:23:18,853 [Thread-9] INFO  org.apache.hadoop.mapred.LocalJobRunner - 
2020-11-15 15:23:18,854 [Thread-9] INFO  org.apache.hadoop.mapred.Merger - Merging 1 sorted segments
2020-11-15 15:23:18,854 [Thread-9] INFO  org.apache.hadoop.mapred.Merger - Down to the last merge-pass, with 1 segments left of total size: 90 bytes
2020-11-15 15:23:18,854 [Thread-9] INFO  org.apache.hadoop.mapred.LocalJobRunner - 
2020-11-15 15:23:18,871 [Thread-9] INFO  org.apache.pig.impl.util.SpillableMemoryManager - Selected heap (Tenured Gen) of size 699072512 to monitor. collectionUsageThreshold = 489350752, usageThreshold = 489350752
2020-11-15 15:23:18,872 [Thread-9] WARN  org.apache.pig.data.SchemaTupleBackend - SchemaTupleBackend has already been initialized
2020-11-15 15:23:18,877 [Thread-9] INFO  org.apache.pig.backend.hadoop.executionengine.mapReduceLayer.PigMapReduce$Reduce - Aliases being processed per job phase (AliasName[line,offset]): M: o[5,4],c[4,4] C: o[5,4],c[4,4] R: o[5,4]
2020-11-15 15:23:18,891 [Thread-9] INFO  org.apache.hadoop.mapred.Task - Task:attempt_local_0002_r_000000_0 is done. And is in the process of commiting
2020-11-15 15:23:18,891 [Thread-9] INFO  org.apache.hadoop.mapred.LocalJobRunner - 
2020-11-15 15:23:18,892 [Thread-9] INFO  org.apache.hadoop.mapred.Task - Task attempt_local_0002_r_000000_0 is allowed to commit now
2020-11-15 15:23:18,898 [Thread-9] INFO  org.apache.hadoop.mapreduce.lib.output.FileOutputCommitter - Saved output of task 'attempt_local_0002_r_000000_0' to file:/home/rxs4020/project6/output
2020-11-15 15:23:19,225 [main] INFO  org.apache.pig.backend.hadoop.executionengine.mapReduceLayer.MapReduceLauncher - 75% complete
2020-11-15 15:23:19,225 [main] INFO  org.apache.pig.backend.hadoop.executionengine.mapReduceLayer.MapReduceLauncher - Running jobs are [job_local_0002]
2020-11-15 15:23:21,869 [Thread-9] INFO  org.apache.hadoop.mapred.LocalJobRunner - reduce > reduce
2020-11-15 15:23:21,870 [Thread-9] INFO  org.apache.hadoop.mapred.Task - Task 'attempt_local_0002_r_000000_0' done.
2020-11-15 15:23:22,228 [main] INFO  org.apache.pig.backend.hadoop.executionengine.mapReduceLayer.MapReduceLauncher - 100% complete
2020-11-15 15:23:22,230 [main] INFO  org.apache.pig.tools.pigstats.mapreduce.SimplePigStats - Script Statistics: 

HadoopVersion	PigVersion	UserId	StartedAt	FinishedAt	Features
1.0.4	0.16.0	rxs4020	2020-11-15 15:23:08	2020-11-15 15:23:22	GROUP_BY

Success!

Job Stats (time in seconds):
JobId	Maps	Reduces	MaxMapTime	MinMapTime	AvgMapTime	MedianMapTime	MaxReduceTime	MinReduceTime	AvgReduceTime	MedianReducetime	Alias	Feature	Outputs
job_local_0001	1	1	n/a	n/a	n/a	n/a	n/a	n/a	n/a	n/a	graph,graph_group,neighbours_count	GROUP_BY,COMBINER	
job_local_0002	1	1	n/a	n/a	n/a	n/a	n/a	n/a	n/a	n/a	c,o	GROUP_BY,COMBINER	file:///home/rxs4020/project6/output,

Input(s):
Successfully read 31 records from: "file:///home/rxs4020/project6/small-graph.txt"

Output(s):
Successfully stored 5 records in: "file:///home/rxs4020/project6/output"

Counters:
Total records written : 5
Total bytes written : 0
Spillable Memory Manager spill count : 0
Total bags proactively spilled: 0
Total records proactively spilled: 0

Job DAG:
job_local_0001	->	job_local_0002,
job_local_0002


2020-11-15 15:23:22,232 [main] INFO  org.apache.pig.backend.hadoop.executionengine.mapReduceLayer.MapReduceLauncher - Success!
2020-11-15 15:23:22,263 [main] INFO  org.apache.pig.Main - Pig script completed in 14 seconds and 891 milliseconds (14891 ms)
